2025-01-17 21:04:48,075 - INFO - Logging configurato. Log salvati in: ../Dataset/output/motion_smoothing.log
2025-01-17 21:04:48,075 - INFO - === Inizio Optical Flow con Buffer Temporale ===
2025-01-17 21:04:48,076 - INFO - Video input: ../Dataset/input/test2.mp4
2025-01-17 21:04:48,076 - INFO - Finestra temporale: N=9, soglia %=0.2, scale_factor=0.5
2025-01-17 21:04:48,115 - INFO - FPS: 60.05879882402352 | Dimensioni: 1920x1080
2025-01-17 21:04:48,773 - INFO - Frame 10 - 154 aree di movimento
2025-01-17 21:04:49,276 - INFO - Frame 20 - 80 aree di movimento
2025-01-17 21:04:49,758 - INFO - Frame 30 - 41 aree di movimento
2025-01-17 21:04:50,233 - INFO - Frame 40 - 35 aree di movimento
2025-01-17 21:04:50,707 - INFO - Frame 50 - 60 aree di movimento
2025-01-17 21:04:51,190 - INFO - Frame 60 - 99 aree di movimento
2025-01-17 21:04:51,667 - INFO - Frame 70 - 124 aree di movimento
2025-01-17 21:04:52,152 - INFO - Frame 80 - 55 aree di movimento
2025-01-17 21:04:52,621 - INFO - Frame 90 - 52 aree di movimento
2025-01-17 21:04:53,094 - INFO - Frame 100 - 40 aree di movimento
2025-01-17 21:04:53,566 - INFO - Frame 110 - 60 aree di movimento
2025-01-17 21:04:54,040 - INFO - Frame 120 - 111 aree di movimento
2025-01-17 21:04:54,515 - INFO - Frame 130 - 96 aree di movimento
2025-01-17 21:04:54,988 - INFO - Frame 140 - 41 aree di movimento
2025-01-17 21:04:55,468 - INFO - Frame 150 - 42 aree di movimento
2025-01-17 21:04:55,940 - INFO - Frame 160 - 37 aree di movimento
2025-01-17 21:04:56,412 - INFO - Frame 170 - 43 aree di movimento
2025-01-17 21:04:56,903 - INFO - Frame 180 - 73 aree di movimento
2025-01-17 21:04:57,374 - INFO - Frame 190 - 83 aree di movimento
2025-01-17 21:04:57,850 - INFO - Frame 200 - 39 aree di movimento
2025-01-17 21:04:58,316 - INFO - Frame 210 - 40 aree di movimento
2025-01-17 21:04:58,789 - INFO - Frame 220 - 55 aree di movimento
2025-01-17 21:04:59,254 - INFO - Frame 230 - 48 aree di movimento
2025-01-17 21:04:59,728 - INFO - Frame 240 - 66 aree di movimento
2025-01-17 21:05:00,211 - INFO - Frame 250 - 48 aree di movimento
2025-01-17 21:05:00,678 - INFO - Frame 260 - 34 aree di movimento
2025-01-17 21:05:01,154 - INFO - Frame 270 - 43 aree di movimento
2025-01-17 21:05:01,636 - INFO - Frame 280 - 42 aree di movimento
2025-01-17 21:05:02,107 - INFO - Frame 290 - 39 aree di movimento
2025-01-17 21:05:02,591 - INFO - Frame 300 - 85 aree di movimento
2025-01-17 21:05:03,076 - INFO - Frame 310 - 102 aree di movimento
2025-01-17 21:05:03,561 - INFO - Frame 320 - 47 aree di movimento
2025-01-17 21:05:04,063 - INFO - Frame 330 - 46 aree di movimento
2025-01-17 21:05:04,568 - INFO - Frame 340 - 61 aree di movimento
2025-01-17 21:05:05,051 - INFO - Frame 350 - 81 aree di movimento
2025-01-17 21:05:05,534 - INFO - Frame 360 - 104 aree di movimento
2025-01-17 21:05:06,019 - INFO - Frame 370 - 85 aree di movimento
2025-01-17 21:05:06,504 - INFO - Frame 380 - 53 aree di movimento
2025-01-17 21:05:06,987 - INFO - Frame 390 - 47 aree di movimento
2025-01-17 21:05:07,464 - INFO - Frame 400 - 32 aree di movimento
2025-01-17 21:05:07,937 - INFO - Frame 410 - 30 aree di movimento
2025-01-17 21:05:10,833 - INFO - Logging configurato. Log salvati in: ../Dataset/output/motion_smoothing.log
2025-01-17 21:05:10,834 - INFO - === Inizio Optical Flow con Buffer Temporale ===
2025-01-17 21:05:10,834 - INFO - Video input: ../Dataset/input/test2.mp4
2025-01-17 21:05:10,834 - INFO - Finestra temporale: N=9, soglia %=0.2, scale_factor=0.5
2025-01-17 21:05:10,855 - INFO - FPS: 60.05879882402352 | Dimensioni: 1920x1080
2025-01-17 21:05:11,413 - INFO - Frame 10 - 154 aree di movimento
2025-01-17 21:05:11,903 - INFO - Frame 20 - 80 aree di movimento
2025-01-17 21:05:12,377 - INFO - Frame 30 - 41 aree di movimento
2025-01-17 21:05:12,845 - INFO - Frame 40 - 35 aree di movimento
2025-01-17 21:05:13,322 - INFO - Frame 50 - 60 aree di movimento
2025-01-17 21:05:13,807 - INFO - Frame 60 - 99 aree di movimento
2025-01-17 21:05:14,280 - INFO - Frame 70 - 124 aree di movimento
2025-01-17 21:05:14,764 - INFO - Frame 80 - 55 aree di movimento
2025-01-17 21:05:15,234 - INFO - Frame 90 - 52 aree di movimento
2025-01-17 21:05:15,709 - INFO - Frame 100 - 40 aree di movimento
2025-01-17 21:05:16,180 - INFO - Frame 110 - 60 aree di movimento
2025-01-17 21:05:16,655 - INFO - Frame 120 - 111 aree di movimento
2025-01-17 21:05:17,131 - INFO - Frame 130 - 96 aree di movimento
2025-01-17 21:05:17,607 - INFO - Frame 140 - 41 aree di movimento
2025-01-17 21:05:18,084 - INFO - Frame 150 - 42 aree di movimento
2025-01-17 21:05:18,554 - INFO - Frame 160 - 37 aree di movimento
2025-01-17 21:05:19,026 - INFO - Frame 170 - 43 aree di movimento
2025-01-17 21:05:19,510 - INFO - Frame 180 - 73 aree di movimento
2025-01-17 21:05:19,980 - INFO - Frame 190 - 83 aree di movimento
2025-01-17 21:05:20,454 - INFO - Frame 200 - 39 aree di movimento
2025-01-17 21:05:20,920 - INFO - Frame 210 - 40 aree di movimento
2025-01-17 21:05:21,396 - INFO - Frame 220 - 55 aree di movimento
2025-01-17 21:05:21,862 - INFO - Frame 230 - 48 aree di movimento
2025-01-17 21:05:22,335 - INFO - Frame 240 - 66 aree di movimento
2025-01-17 21:05:22,813 - INFO - Frame 250 - 48 aree di movimento
2025-01-17 21:05:23,277 - INFO - Frame 260 - 34 aree di movimento
2025-01-17 21:05:23,755 - INFO - Frame 270 - 43 aree di movimento
2025-01-17 21:05:24,225 - INFO - Frame 280 - 42 aree di movimento
2025-01-17 21:05:24,692 - INFO - Frame 290 - 39 aree di movimento
2025-01-17 21:05:25,173 - INFO - Frame 300 - 85 aree di movimento
2025-01-17 21:05:25,669 - INFO - Frame 310 - 102 aree di movimento
2025-01-17 21:05:26,159 - INFO - Frame 320 - 47 aree di movimento
2025-01-17 21:05:26,653 - INFO - Frame 330 - 46 aree di movimento
2025-01-17 21:05:27,128 - INFO - Frame 340 - 61 aree di movimento
2025-01-17 21:05:27,593 - INFO - Frame 350 - 81 aree di movimento
2025-01-17 21:05:28,062 - INFO - Frame 360 - 104 aree di movimento
2025-01-17 21:05:28,541 - INFO - Frame 370 - 85 aree di movimento
2025-01-17 21:05:29,010 - INFO - Frame 380 - 53 aree di movimento
2025-01-17 21:05:29,482 - INFO - Frame 390 - 47 aree di movimento
2025-01-17 21:05:29,952 - INFO - Frame 400 - 32 aree di movimento
2025-01-17 21:05:30,431 - INFO - Frame 410 - 30 aree di movimento
2025-01-17 21:05:30,924 - INFO - Frame 420 - 70 aree di movimento
2025-01-17 21:05:31,395 - INFO - Frame 430 - 76 aree di movimento
2025-01-17 21:05:31,867 - INFO - Frame 440 - 28 aree di movimento
2025-01-17 21:05:32,333 - INFO - Frame 450 - 43 aree di movimento
2025-01-17 21:05:32,807 - INFO - Frame 460 - 60 aree di movimento
2025-01-17 21:05:33,273 - INFO - Frame 470 - 55 aree di movimento
2025-01-17 21:05:33,743 - INFO - Frame 480 - 101 aree di movimento
2025-01-17 21:05:34,219 - INFO - Frame 490 - 83 aree di movimento
2025-01-17 21:05:34,683 - INFO - Frame 500 - 35 aree di movimento
2025-01-17 21:05:35,149 - INFO - Frame 510 - 43 aree di movimento
2025-01-17 21:05:35,618 - INFO - Frame 520 - 40 aree di movimento
2025-01-17 21:05:36,082 - INFO - Frame 530 - 32 aree di movimento
2025-01-17 21:05:36,557 - INFO - Frame 540 - 89 aree di movimento
2025-01-17 21:05:37,027 - INFO - Frame 550 - 81 aree di movimento
2025-01-17 21:05:37,501 - INFO - Frame 560 - 49 aree di movimento
2025-01-17 21:05:37,966 - INFO - Frame 570 - 44 aree di movimento
2025-01-17 21:05:38,437 - INFO - Frame 580 - 33 aree di movimento
2025-01-17 21:05:38,903 - INFO - Frame 590 - 49 aree di movimento
2025-01-17 21:05:39,371 - INFO - Frame 600 - 49 aree di movimento
2025-01-17 21:05:39,852 - INFO - Frame 610 - 63 aree di movimento
2025-01-17 21:05:40,325 - INFO - Frame 620 - 56 aree di movimento
2025-01-17 21:05:40,796 - INFO - Frame 630 - 47 aree di movimento
2025-01-17 21:05:41,262 - INFO - Frame 640 - 50 aree di movimento
2025-01-17 21:05:41,730 - INFO - Frame 650 - 60 aree di movimento
2025-01-17 21:05:42,205 - INFO - Frame 660 - 102 aree di movimento
2025-01-17 21:05:42,683 - INFO - Frame 670 - 118 aree di movimento
2025-01-17 21:05:43,164 - INFO - Frame 680 - 47 aree di movimento
2025-01-17 21:05:43,635 - INFO - Frame 690 - 56 aree di movimento
2025-01-17 21:05:44,108 - INFO - Frame 700 - 46 aree di movimento
2025-01-17 21:05:44,577 - INFO - Frame 710 - 41 aree di movimento
2025-01-17 21:05:45,043 - INFO - Frame 720 - 106 aree di movimento
2025-01-17 21:05:45,518 - INFO - Frame 730 - 85 aree di movimento
2025-01-17 21:05:45,979 - INFO - Frame 740 - 52 aree di movimento
2025-01-17 21:05:46,452 - INFO - Frame 750 - 55 aree di movimento
2025-01-17 21:05:46,918 - INFO - Frame 760 - 37 aree di movimento
2025-01-17 21:05:47,382 - INFO - Frame 770 - 41 aree di movimento
2025-01-17 21:05:47,863 - INFO - Frame 780 - 91 aree di movimento
2025-01-17 21:05:48,332 - INFO - Frame 790 - 87 aree di movimento
2025-01-17 21:05:48,803 - INFO - Frame 800 - 47 aree di movimento
2025-01-17 21:05:49,268 - INFO - Frame 810 - 45 aree di movimento
2025-01-17 21:05:49,737 - INFO - Frame 820 - 60 aree di movimento
2025-01-17 21:05:50,210 - INFO - Frame 830 - 43 aree di movimento
2025-01-17 21:05:50,683 - INFO - Frame 840 - 67 aree di movimento
2025-01-17 21:05:51,158 - INFO - Frame 850 - 56 aree di movimento
2025-01-17 21:05:51,644 - INFO - Frame 860 - 46 aree di movimento
2025-01-17 21:05:52,117 - INFO - Frame 870 - 56 aree di movimento
2025-01-17 21:05:52,579 - INFO - Frame 880 - 56 aree di movimento
2025-01-17 21:05:53,047 - INFO - Frame 890 - 52 aree di movimento
2025-01-17 21:05:53,525 - INFO - Frame 900 - 105 aree di movimento
2025-01-17 21:05:53,996 - INFO - Frame 910 - 96 aree di movimento
2025-01-17 21:05:54,472 - INFO - Frame 920 - 67 aree di movimento
2025-01-17 21:05:54,937 - INFO - Frame 930 - 58 aree di movimento
2025-01-17 21:05:55,409 - INFO - Frame 940 - 67 aree di movimento
2025-01-17 21:05:55,873 - INFO - Frame 950 - 56 aree di movimento
2025-01-17 21:05:56,344 - INFO - Frame 960 - 53 aree di movimento
2025-01-17 21:05:56,820 - INFO - Frame 970 - 60 aree di movimento
2025-01-17 21:05:57,288 - INFO - Frame 980 - 53 aree di movimento
2025-01-17 21:05:57,759 - INFO - Frame 990 - 62 aree di movimento
2025-01-17 21:05:58,223 - INFO - Frame 1000 - 49 aree di movimento
2025-01-17 21:05:58,687 - INFO - Frame 1010 - 59 aree di movimento
2025-01-17 21:05:59,164 - INFO - Frame 1020 - 111 aree di movimento
2025-01-17 21:05:59,633 - INFO - Frame 1030 - 106 aree di movimento
2025-01-17 21:06:00,104 - INFO - Frame 1040 - 49 aree di movimento
2025-01-17 21:06:00,578 - INFO - Frame 1050 - 42 aree di movimento
2025-01-17 21:06:01,071 - INFO - Frame 1060 - 50 aree di movimento
2025-01-17 21:06:01,538 - INFO - Frame 1070 - 54 aree di movimento
2025-01-17 21:06:02,010 - INFO - Frame 1080 - 93 aree di movimento
2025-01-17 21:06:02,490 - INFO - Frame 1090 - 87 aree di movimento
2025-01-17 21:06:02,955 - INFO - Frame 1100 - 43 aree di movimento
2025-01-17 21:06:03,429 - INFO - Frame 1110 - 48 aree di movimento
2025-01-17 21:06:03,895 - INFO - Frame 1120 - 58 aree di movimento
2025-01-17 21:06:04,361 - INFO - Frame 1130 - 53 aree di movimento
2025-01-17 21:06:04,845 - INFO - Frame 1140 - 99 aree di movimento
2025-01-17 21:06:05,320 - INFO - Frame 1150 - 93 aree di movimento
2025-01-17 21:06:05,797 - INFO - Frame 1160 - 45 aree di movimento
2025-01-17 21:06:06,272 - INFO - Frame 1170 - 45 aree di movimento
2025-01-17 21:06:06,760 - INFO - Frame 1180 - 35 aree di movimento
2025-01-17 21:06:07,230 - INFO - Frame 1190 - 50 aree di movimento
2025-01-17 21:06:07,699 - INFO - Frame 1200 - 89 aree di movimento
2025-01-17 21:06:08,176 - INFO - Frame 1210 - 84 aree di movimento
2025-01-17 21:06:08,642 - INFO - Frame 1220 - 48 aree di movimento
2025-01-17 21:06:09,114 - INFO - Frame 1230 - 45 aree di movimento
2025-01-17 21:06:09,580 - INFO - Frame 1240 - 41 aree di movimento
2025-01-17 21:06:10,049 - INFO - Frame 1250 - 37 aree di movimento
2025-01-17 21:06:10,531 - INFO - Frame 1260 - 114 aree di movimento
2025-01-17 21:06:11,007 - INFO - Frame 1270 - 101 aree di movimento
2025-01-17 21:06:11,482 - INFO - Frame 1280 - 42 aree di movimento
2025-01-17 21:06:11,791 - INFO - Fine del video.
2025-01-17 21:06:11,800 - INFO - Video overlay salvato in: ../Dataset/output/flow_smoothing_output.mp4
2025-01-17 21:06:11,800 - INFO - Video maschera salvato in: ../Dataset/output/movement_mask.mp4
2025-01-18 09:49:13,001 - INFO - Logging configurato. Log salvati in: ../Dataset/output/motion_smoothing.log
2025-01-18 09:49:13,003 - INFO - === Inizio Optical Flow con Buffer Temporale ===
2025-01-18 09:49:13,003 - INFO - Video input: ../Dataset/input/test2.mp4
2025-01-18 09:49:13,004 - INFO - Finestra temporale: N=9, soglia %=0.2, scale_factor=0.5
2025-01-18 09:49:13,039 - INFO - FPS: 60.05879882402352 | Dimensioni: 1920x1080
2025-01-18 09:49:13,685 - INFO - Frame 10 - 154 aree di movimento
2025-01-18 09:49:14,180 - INFO - Frame 20 - 80 aree di movimento
2025-01-18 09:49:14,652 - INFO - Frame 30 - 41 aree di movimento
2025-01-18 09:49:15,117 - INFO - Frame 40 - 35 aree di movimento
2025-01-18 09:49:15,580 - INFO - Frame 50 - 60 aree di movimento
2025-01-18 09:49:16,057 - INFO - Frame 60 - 99 aree di movimento
2025-01-18 09:49:16,539 - INFO - Frame 70 - 124 aree di movimento
2025-01-18 09:49:17,020 - INFO - Frame 80 - 55 aree di movimento
2025-01-18 09:49:17,488 - INFO - Frame 90 - 52 aree di movimento
2025-01-18 09:49:17,959 - INFO - Frame 100 - 40 aree di movimento
2025-01-18 09:49:18,449 - INFO - Frame 110 - 60 aree di movimento
2025-01-18 09:49:18,925 - INFO - Frame 120 - 111 aree di movimento
2025-01-18 09:49:19,397 - INFO - Frame 130 - 96 aree di movimento
2025-01-18 09:49:19,860 - INFO - Frame 140 - 41 aree di movimento
2025-01-18 09:49:20,329 - INFO - Frame 150 - 42 aree di movimento
2025-01-18 09:49:20,791 - INFO - Frame 160 - 37 aree di movimento
2025-01-18 09:49:21,258 - INFO - Frame 170 - 43 aree di movimento
2025-01-18 09:49:21,732 - INFO - Frame 180 - 73 aree di movimento
2025-01-18 09:49:22,206 - INFO - Frame 190 - 83 aree di movimento
2025-01-18 09:49:56,358 - INFO - Logging configurato. Log salvati in: ../Dataset/output/motion_smoothing.log
2025-01-18 09:49:56,358 - INFO - === Inizio Optical Flow con Buffer Temporale ===
2025-01-18 09:49:56,359 - INFO - Video input: ../Dataset/input/test2.mp4
2025-01-18 09:49:56,359 - INFO - Finestra temporale: N=9, soglia %=0.2, scale_factor=0.5
2025-01-18 09:49:56,378 - INFO - FPS: 60.05879882402352 | Dimensioni: 1920x1080
2025-01-18 09:49:56,931 - INFO - Frame 10 - 154 aree di movimento
2025-01-18 09:49:57,417 - INFO - Frame 20 - 80 aree di movimento
2025-01-18 09:49:57,883 - INFO - Frame 30 - 41 aree di movimento
2025-01-18 09:49:58,341 - INFO - Frame 40 - 35 aree di movimento
2025-01-18 09:49:58,800 - INFO - Frame 50 - 60 aree di movimento
2025-01-18 09:49:59,270 - INFO - Frame 60 - 99 aree di movimento
2025-01-18 09:49:59,732 - INFO - Frame 70 - 124 aree di movimento
2025-01-18 09:50:00,204 - INFO - Frame 80 - 55 aree di movimento
2025-01-18 09:50:00,659 - INFO - Frame 90 - 52 aree di movimento
2025-01-18 09:50:01,125 - INFO - Frame 100 - 40 aree di movimento
2025-01-18 09:50:01,588 - INFO - Frame 110 - 60 aree di movimento
2025-01-18 09:50:02,052 - INFO - Frame 120 - 111 aree di movimento
2025-01-18 09:50:02,519 - INFO - Frame 130 - 96 aree di movimento
2025-01-18 09:50:02,980 - INFO - Frame 140 - 41 aree di movimento
2025-01-18 09:50:03,444 - INFO - Frame 150 - 42 aree di movimento
2025-01-18 09:50:03,899 - INFO - Frame 160 - 37 aree di movimento
2025-01-18 09:50:04,367 - INFO - Frame 170 - 43 aree di movimento
2025-01-18 09:50:04,837 - INFO - Frame 180 - 73 aree di movimento
2025-01-18 09:50:05,300 - INFO - Frame 190 - 83 aree di movimento
2025-01-18 09:50:05,766 - INFO - Frame 200 - 39 aree di movimento
2025-01-18 09:50:06,223 - INFO - Frame 210 - 40 aree di movimento
2025-01-18 09:50:06,691 - INFO - Frame 220 - 55 aree di movimento
2025-01-18 09:50:07,152 - INFO - Frame 230 - 48 aree di movimento
2025-01-18 09:50:07,617 - INFO - Frame 240 - 66 aree di movimento
2025-01-18 09:50:08,088 - INFO - Frame 250 - 48 aree di movimento
2025-01-18 09:50:08,548 - INFO - Frame 260 - 34 aree di movimento
2025-01-18 09:50:09,016 - INFO - Frame 270 - 43 aree di movimento
2025-01-18 09:50:09,480 - INFO - Frame 280 - 42 aree di movimento
2025-01-18 09:50:09,939 - INFO - Frame 290 - 39 aree di movimento
2025-01-18 09:50:10,410 - INFO - Frame 300 - 85 aree di movimento
2025-01-18 09:50:10,877 - INFO - Frame 310 - 102 aree di movimento
2025-01-18 09:50:11,343 - INFO - Frame 320 - 47 aree di movimento
2025-01-18 09:50:11,809 - INFO - Frame 330 - 46 aree di movimento
2025-01-18 09:50:12,316 - INFO - Frame 340 - 61 aree di movimento
2025-01-18 09:50:12,779 - INFO - Frame 350 - 81 aree di movimento
2025-01-18 09:50:13,249 - INFO - Frame 360 - 104 aree di movimento
2025-01-18 09:50:13,722 - INFO - Frame 370 - 85 aree di movimento
2025-01-18 09:50:14,185 - INFO - Frame 380 - 53 aree di movimento
2025-01-18 09:50:14,655 - INFO - Frame 390 - 47 aree di movimento
2025-01-18 09:50:15,125 - INFO - Frame 400 - 32 aree di movimento
2025-01-18 09:50:15,585 - INFO - Frame 410 - 30 aree di movimento
2025-01-18 09:50:16,059 - INFO - Frame 420 - 70 aree di movimento
2025-01-18 09:50:16,527 - INFO - Frame 430 - 76 aree di movimento
2025-01-18 09:50:16,998 - INFO - Frame 440 - 28 aree di movimento
2025-01-18 09:50:17,459 - INFO - Frame 450 - 43 aree di movimento
2025-01-18 09:50:17,931 - INFO - Frame 460 - 60 aree di movimento
2025-01-18 09:50:18,397 - INFO - Frame 470 - 55 aree di movimento
2025-01-18 09:50:18,865 - INFO - Frame 480 - 101 aree di movimento
2025-01-18 09:50:19,342 - INFO - Frame 490 - 83 aree di movimento
2025-01-18 09:50:19,802 - INFO - Frame 500 - 35 aree di movimento
2025-01-18 09:50:20,270 - INFO - Frame 510 - 43 aree di movimento
2025-01-18 09:50:20,730 - INFO - Frame 520 - 40 aree di movimento
2025-01-18 09:50:21,192 - INFO - Frame 530 - 32 aree di movimento
2025-01-18 09:50:21,665 - INFO - Frame 540 - 89 aree di movimento
2025-01-18 09:50:22,134 - INFO - Frame 550 - 81 aree di movimento
2025-01-18 09:50:22,608 - INFO - Frame 560 - 49 aree di movimento
2025-01-18 09:50:23,072 - INFO - Frame 570 - 44 aree di movimento
2025-01-18 09:50:23,541 - INFO - Frame 580 - 33 aree di movimento
2025-01-18 09:50:24,009 - INFO - Frame 590 - 49 aree di movimento
2025-01-18 09:50:24,488 - INFO - Frame 600 - 49 aree di movimento
2025-01-18 09:50:24,974 - INFO - Frame 610 - 63 aree di movimento
2025-01-18 09:50:25,436 - INFO - Frame 620 - 56 aree di movimento
2025-01-18 09:50:25,913 - INFO - Frame 630 - 47 aree di movimento
2025-01-18 09:50:26,378 - INFO - Frame 640 - 50 aree di movimento
2025-01-18 09:50:26,845 - INFO - Frame 650 - 60 aree di movimento
2025-01-18 09:50:27,321 - INFO - Frame 660 - 102 aree di movimento
2025-01-18 09:50:27,791 - INFO - Frame 670 - 118 aree di movimento
2025-01-18 09:50:28,265 - INFO - Frame 680 - 47 aree di movimento
2025-01-18 09:50:28,730 - INFO - Frame 690 - 56 aree di movimento
2025-01-18 09:50:29,204 - INFO - Frame 700 - 46 aree di movimento
2025-01-18 09:50:29,666 - INFO - Frame 710 - 41 aree di movimento
2025-01-18 09:50:30,133 - INFO - Frame 720 - 106 aree di movimento
2025-01-18 09:50:30,606 - INFO - Frame 730 - 85 aree di movimento
2025-01-18 09:50:31,067 - INFO - Frame 740 - 52 aree di movimento
2025-01-18 09:50:31,541 - INFO - Frame 750 - 55 aree di movimento
2025-01-18 09:50:32,002 - INFO - Frame 760 - 37 aree di movimento
2025-01-18 09:50:32,463 - INFO - Frame 770 - 41 aree di movimento
2025-01-18 09:50:32,935 - INFO - Frame 780 - 91 aree di movimento
2025-01-18 09:50:33,402 - INFO - Frame 790 - 87 aree di movimento
2025-01-18 09:50:33,871 - INFO - Frame 800 - 47 aree di movimento
2025-01-18 09:50:34,337 - INFO - Frame 810 - 45 aree di movimento
2025-01-18 09:50:34,807 - INFO - Frame 820 - 60 aree di movimento
2025-01-18 09:50:35,275 - INFO - Frame 830 - 43 aree di movimento
2025-01-18 09:50:35,743 - INFO - Frame 840 - 67 aree di movimento
2025-01-18 09:50:36,218 - INFO - Frame 850 - 56 aree di movimento
2025-01-18 09:50:36,684 - INFO - Frame 860 - 46 aree di movimento
2025-01-18 09:50:37,166 - INFO - Frame 870 - 56 aree di movimento
2025-01-18 09:50:37,641 - INFO - Frame 880 - 56 aree di movimento
2025-01-18 09:50:38,109 - INFO - Frame 890 - 52 aree di movimento
2025-01-18 09:56:33,833 - INFO - Logging configurato. Log salvati in: ../Dataset/output/motion_smoothing.log
2025-01-18 09:56:33,833 - INFO - === Inizio Optical Flow con Buffer Temporale ===
2025-01-18 09:56:33,834 - INFO - Video input: ../Dataset/input/test2.mp4
2025-01-18 09:56:33,834 - INFO - Finestra temporale: N=9, soglia %=0.2, scale_factor=0.5
2025-01-18 09:56:33,870 - INFO - FPS: 60.05879882402352 | Dimensioni: 1920x1080
2025-01-18 09:56:34,935 - INFO - Frame 10 - 107 aree di movimento
2025-01-18 09:56:35,838 - INFO - Frame 20 - 50 aree di movimento
2025-01-18 09:56:36,740 - INFO - Frame 30 - 50 aree di movimento
2025-01-18 09:56:37,638 - INFO - Frame 40 - 52 aree di movimento
2025-01-18 09:56:38,535 - INFO - Frame 50 - 59 aree di movimento
2025-01-18 09:56:39,462 - INFO - Frame 60 - 111 aree di movimento
2025-01-18 09:56:40,419 - INFO - Frame 70 - 55 aree di movimento
2025-01-18 09:56:41,319 - INFO - Frame 80 - 63 aree di movimento
2025-01-18 09:56:42,219 - INFO - Frame 90 - 45 aree di movimento
2025-01-18 09:56:43,122 - INFO - Frame 100 - 50 aree di movimento
2025-01-18 09:56:44,024 - INFO - Frame 110 - 49 aree di movimento
2025-01-18 09:56:44,930 - INFO - Frame 120 - 81 aree di movimento
2025-01-18 09:56:45,833 - INFO - Frame 130 - 34 aree di movimento
2025-01-18 09:56:46,728 - INFO - Frame 140 - 44 aree di movimento
2025-01-18 09:56:47,629 - INFO - Frame 150 - 39 aree di movimento
2025-01-18 09:56:48,532 - INFO - Frame 160 - 49 aree di movimento
2025-01-18 09:56:49,441 - INFO - Frame 170 - 38 aree di movimento
2025-01-18 09:56:50,350 - INFO - Frame 180 - 72 aree di movimento
2025-01-18 09:56:51,255 - INFO - Frame 190 - 53 aree di movimento
2025-01-18 09:56:52,160 - INFO - Frame 200 - 35 aree di movimento
2025-01-18 09:56:53,065 - INFO - Frame 210 - 47 aree di movimento
2025-01-18 09:56:53,971 - INFO - Frame 220 - 51 aree di movimento
2025-01-18 09:56:54,888 - INFO - Frame 230 - 49 aree di movimento
2025-01-18 09:56:55,799 - INFO - Frame 240 - 98 aree di movimento
2025-01-18 09:56:56,709 - INFO - Frame 250 - 43 aree di movimento
2025-01-18 09:56:57,610 - INFO - Frame 260 - 42 aree di movimento
2025-01-18 09:56:58,508 - INFO - Frame 270 - 54 aree di movimento
2025-01-18 09:56:59,406 - INFO - Frame 280 - 42 aree di movimento
2025-01-18 09:57:00,309 - INFO - Frame 290 - 51 aree di movimento
2025-01-18 09:57:01,211 - INFO - Frame 300 - 121 aree di movimento
2025-01-18 09:57:02,117 - INFO - Frame 310 - 54 aree di movimento
2025-01-18 09:57:03,016 - INFO - Frame 320 - 48 aree di movimento
2025-01-18 09:57:03,914 - INFO - Frame 330 - 61 aree di movimento
2025-01-18 09:57:04,817 - INFO - Frame 340 - 69 aree di movimento
2025-01-18 09:57:05,720 - INFO - Frame 350 - 56 aree di movimento
2025-01-18 09:57:06,620 - INFO - Frame 360 - 109 aree di movimento
2025-01-18 09:57:07,528 - INFO - Frame 370 - 57 aree di movimento
2025-01-18 09:57:08,431 - INFO - Frame 380 - 56 aree di movimento
2025-01-18 09:57:09,332 - INFO - Frame 390 - 55 aree di movimento
2025-01-18 09:57:10,240 - INFO - Frame 400 - 38 aree di movimento
2025-01-18 09:57:11,154 - INFO - Frame 410 - 37 aree di movimento
2025-01-18 09:57:12,053 - INFO - Frame 420 - 95 aree di movimento
2025-01-18 09:57:12,960 - INFO - Frame 430 - 38 aree di movimento
2025-01-18 09:57:13,865 - INFO - Frame 440 - 39 aree di movimento
2025-01-18 09:57:14,797 - INFO - Frame 450 - 74 aree di movimento
2025-01-18 09:57:15,708 - INFO - Frame 460 - 61 aree di movimento
2025-01-18 09:57:16,611 - INFO - Frame 470 - 39 aree di movimento
2025-01-18 09:57:17,511 - INFO - Frame 480 - 113 aree di movimento
2025-01-18 09:57:18,422 - INFO - Frame 490 - 39 aree di movimento
2025-01-18 09:57:19,330 - INFO - Frame 500 - 48 aree di movimento
2025-01-18 09:57:20,236 - INFO - Frame 510 - 35 aree di movimento
2025-01-18 09:57:21,137 - INFO - Frame 520 - 37 aree di movimento
2025-01-18 09:57:22,043 - INFO - Frame 530 - 53 aree di movimento
2025-01-18 09:57:22,945 - INFO - Frame 540 - 91 aree di movimento
2025-01-18 09:57:23,856 - INFO - Frame 550 - 46 aree di movimento
2025-01-18 09:57:24,772 - INFO - Frame 560 - 45 aree di movimento
2025-01-18 09:57:25,682 - INFO - Frame 570 - 36 aree di movimento
2025-01-18 09:57:26,591 - INFO - Frame 580 - 39 aree di movimento
2025-01-18 09:57:27,498 - INFO - Frame 590 - 40 aree di movimento
2025-01-18 09:57:28,398 - INFO - Frame 600 - 111 aree di movimento
2025-01-18 09:57:29,312 - INFO - Frame 610 - 46 aree di movimento
2025-01-18 09:57:30,218 - INFO - Frame 620 - 49 aree di movimento
2025-01-18 09:57:31,132 - INFO - Frame 630 - 47 aree di movimento
2025-01-18 09:57:32,046 - INFO - Frame 640 - 56 aree di movimento
2025-01-18 09:57:32,957 - INFO - Frame 650 - 43 aree di movimento
2025-01-18 09:57:33,861 - INFO - Frame 660 - 115 aree di movimento
2025-01-18 09:57:34,770 - INFO - Frame 670 - 58 aree di movimento
2025-01-18 09:57:35,676 - INFO - Frame 680 - 57 aree di movimento
2025-01-18 09:57:36,580 - INFO - Frame 690 - 51 aree di movimento
2025-01-18 09:57:37,490 - INFO - Frame 700 - 46 aree di movimento
2025-01-18 09:57:38,401 - INFO - Frame 710 - 52 aree di movimento
2025-01-18 09:57:39,305 - INFO - Frame 720 - 97 aree di movimento
2025-01-18 09:57:40,218 - INFO - Frame 730 - 36 aree di movimento
2025-01-18 09:57:41,121 - INFO - Frame 740 - 51 aree di movimento
2025-01-18 09:57:42,027 - INFO - Frame 750 - 44 aree di movimento
2025-01-18 09:57:42,926 - INFO - Frame 760 - 37 aree di movimento
2025-01-18 09:57:43,830 - INFO - Frame 770 - 41 aree di movimento
2025-01-18 09:57:44,729 - INFO - Frame 780 - 91 aree di movimento
2025-01-18 09:57:45,636 - INFO - Frame 790 - 49 aree di movimento
2025-01-18 09:57:46,537 - INFO - Frame 800 - 48 aree di movimento
2025-01-18 09:57:47,435 - INFO - Frame 810 - 48 aree di movimento
2025-01-18 09:57:48,342 - INFO - Frame 820 - 47 aree di movimento
2025-01-18 09:57:49,246 - INFO - Frame 830 - 46 aree di movimento
2025-01-18 09:57:50,149 - INFO - Frame 840 - 93 aree di movimento
2025-01-18 09:57:51,055 - INFO - Frame 850 - 45 aree di movimento
2025-01-18 09:57:51,956 - INFO - Frame 860 - 41 aree di movimento
2025-01-18 09:57:52,872 - INFO - Frame 870 - 60 aree di movimento
2025-01-18 09:57:53,776 - INFO - Frame 880 - 42 aree di movimento
2025-01-18 09:57:54,690 - INFO - Frame 890 - 50 aree di movimento
2025-01-18 09:57:55,596 - INFO - Frame 900 - 101 aree di movimento
2025-01-18 09:57:56,501 - INFO - Frame 910 - 54 aree di movimento
2025-01-18 09:57:57,405 - INFO - Frame 920 - 61 aree di movimento
2025-01-18 09:57:58,310 - INFO - Frame 930 - 58 aree di movimento
2025-01-18 09:57:59,210 - INFO - Frame 940 - 53 aree di movimento
2025-01-18 09:58:00,109 - INFO - Frame 950 - 60 aree di movimento
2025-01-18 09:58:01,013 - INFO - Frame 960 - 96 aree di movimento
2025-01-18 09:58:01,923 - INFO - Frame 970 - 43 aree di movimento
2025-01-18 09:58:02,825 - INFO - Frame 980 - 64 aree di movimento
2025-01-18 09:58:03,730 - INFO - Frame 990 - 50 aree di movimento
2025-01-18 09:58:04,635 - INFO - Frame 1000 - 61 aree di movimento
2025-01-18 09:58:05,539 - INFO - Frame 1010 - 55 aree di movimento
2025-01-18 09:58:06,446 - INFO - Frame 1020 - 114 aree di movimento
2025-01-18 09:58:07,361 - INFO - Frame 1030 - 56 aree di movimento
2025-01-18 09:58:08,284 - INFO - Frame 1040 - 51 aree di movimento
2025-01-18 09:58:09,194 - INFO - Frame 1050 - 55 aree di movimento
2025-01-18 09:58:10,108 - INFO - Frame 1060 - 47 aree di movimento
2025-01-18 09:58:11,019 - INFO - Frame 1070 - 53 aree di movimento
2025-01-18 09:58:11,933 - INFO - Frame 1080 - 95 aree di movimento
2025-01-18 09:58:12,852 - INFO - Frame 1090 - 40 aree di movimento
2025-01-18 09:58:13,765 - INFO - Frame 1100 - 51 aree di movimento
2025-01-18 09:58:14,684 - INFO - Frame 1110 - 52 aree di movimento
2025-01-18 09:58:15,598 - INFO - Frame 1120 - 53 aree di movimento
2025-01-18 09:58:16,507 - INFO - Frame 1130 - 41 aree di movimento
2025-01-18 09:58:17,416 - INFO - Frame 1140 - 98 aree di movimento
2025-01-18 09:58:18,335 - INFO - Frame 1150 - 49 aree di movimento
2025-01-18 09:58:19,245 - INFO - Frame 1160 - 47 aree di movimento
2025-01-18 09:58:20,154 - INFO - Frame 1170 - 48 aree di movimento
2025-01-18 09:58:21,063 - INFO - Frame 1180 - 50 aree di movimento
2025-01-18 09:58:21,980 - INFO - Frame 1190 - 51 aree di movimento
2025-01-18 09:58:22,887 - INFO - Frame 1200 - 87 aree di movimento
2025-01-18 09:58:23,802 - INFO - Frame 1210 - 46 aree di movimento
2025-01-18 09:58:24,720 - INFO - Frame 1220 - 59 aree di movimento
2025-01-18 09:58:25,635 - INFO - Frame 1230 - 41 aree di movimento
2025-01-18 09:58:26,546 - INFO - Frame 1240 - 42 aree di movimento
2025-01-18 09:58:27,462 - INFO - Frame 1250 - 42 aree di movimento
2025-01-18 09:58:28,373 - INFO - Frame 1260 - 121 aree di movimento
2025-01-18 09:58:29,286 - INFO - Frame 1270 - 53 aree di movimento
2025-01-18 09:58:30,195 - INFO - Frame 1280 - 49 aree di movimento
2025-01-18 09:58:30,774 - INFO - Fine del video.
2025-01-18 09:58:30,783 - INFO - Video overlay salvato in: ../Dataset/output/flow_smoothing_output.mp4
2025-01-18 09:58:30,784 - INFO - Video maschera salvato in: ../Dataset/output/movement_mask.mp4
2025-01-18 10:19:36,241 - INFO - Logging configurato. Log salvati in: ../Dataset/output/motion_smoothing.log
2025-01-18 10:19:36,242 - INFO - === Inizio Optical Flow con Buffer Temporale ===
2025-01-18 10:19:36,243 - INFO - Video input: ../Dataset/input/test2.mp4
2025-01-18 10:19:36,243 - INFO - Finestra temporale: N=9, soglia %=0.2, scale_factor=0.5
2025-01-18 10:19:36,278 - INFO - FPS: 60.05879882402352 | Dimensioni: 1920x1080
2025-01-18 10:19:37,141 - INFO - Frame 10 - 107 aree di movimento
2025-01-18 10:19:37,980 - INFO - Frame 20 - 50 aree di movimento
2025-01-18 10:19:38,831 - INFO - Frame 30 - 50 aree di movimento
2025-01-18 10:19:39,663 - INFO - Frame 40 - 52 aree di movimento
2025-01-18 10:19:40,517 - INFO - Frame 50 - 59 aree di movimento
2025-01-18 10:19:41,393 - INFO - Frame 60 - 111 aree di movimento
2025-01-18 10:19:42,333 - INFO - Frame 70 - 55 aree di movimento
2025-01-18 10:19:43,220 - INFO - Frame 80 - 63 aree di movimento
2025-01-18 10:19:44,075 - INFO - Frame 90 - 45 aree di movimento
2025-01-18 10:19:44,938 - INFO - Frame 100 - 50 aree di movimento
2025-01-18 10:19:45,836 - INFO - Frame 110 - 49 aree di movimento
2025-01-18 10:19:46,697 - INFO - Frame 120 - 81 aree di movimento
2025-01-18 10:19:47,556 - INFO - Frame 130 - 34 aree di movimento
2025-01-18 10:19:48,414 - INFO - Frame 140 - 44 aree di movimento
2025-01-18 10:19:49,275 - INFO - Frame 150 - 39 aree di movimento
2025-01-18 10:19:50,133 - INFO - Frame 160 - 49 aree di movimento
2025-01-18 10:19:50,990 - INFO - Frame 170 - 38 aree di movimento
2025-01-18 10:19:51,840 - INFO - Frame 180 - 72 aree di movimento
2025-01-18 10:19:52,695 - INFO - Frame 190 - 53 aree di movimento
2025-01-18 10:19:53,553 - INFO - Frame 200 - 35 aree di movimento
2025-01-18 10:19:54,405 - INFO - Frame 210 - 47 aree di movimento
2025-01-18 10:19:55,261 - INFO - Frame 220 - 51 aree di movimento
2025-01-18 10:19:56,114 - INFO - Frame 230 - 49 aree di movimento
2025-01-18 10:19:56,967 - INFO - Frame 240 - 98 aree di movimento
2025-01-18 10:19:57,843 - INFO - Frame 250 - 43 aree di movimento
2025-01-18 10:19:58,703 - INFO - Frame 260 - 42 aree di movimento
2025-01-18 10:19:59,601 - INFO - Frame 270 - 54 aree di movimento
2025-01-18 10:20:00,462 - INFO - Frame 280 - 42 aree di movimento
2025-01-18 10:20:01,324 - INFO - Frame 290 - 51 aree di movimento
2025-01-18 10:20:02,176 - INFO - Frame 300 - 121 aree di movimento
2025-01-18 10:20:03,028 - INFO - Frame 310 - 54 aree di movimento
2025-01-18 10:20:03,883 - INFO - Frame 320 - 48 aree di movimento
2025-01-18 10:20:04,730 - INFO - Frame 330 - 61 aree di movimento
2025-01-18 10:20:05,579 - INFO - Frame 340 - 69 aree di movimento
2025-01-18 10:20:06,435 - INFO - Frame 350 - 56 aree di movimento
2025-01-18 10:20:07,296 - INFO - Frame 360 - 109 aree di movimento
2025-01-18 10:20:08,152 - INFO - Frame 370 - 57 aree di movimento
2025-01-18 10:20:09,005 - INFO - Frame 380 - 56 aree di movimento
2025-01-18 10:20:09,860 - INFO - Frame 390 - 55 aree di movimento
2025-01-18 10:20:10,718 - INFO - Frame 400 - 38 aree di movimento
2025-01-18 10:20:11,577 - INFO - Frame 410 - 37 aree di movimento
2025-01-18 10:20:12,429 - INFO - Frame 420 - 95 aree di movimento
2025-01-18 10:20:13,286 - INFO - Frame 430 - 38 aree di movimento
2025-01-18 10:20:14,143 - INFO - Frame 440 - 39 aree di movimento
2025-01-18 10:20:14,991 - INFO - Frame 450 - 74 aree di movimento
2025-01-18 10:20:15,850 - INFO - Frame 460 - 61 aree di movimento
2025-01-18 10:20:16,706 - INFO - Frame 470 - 39 aree di movimento
2025-01-18 10:20:17,554 - INFO - Frame 480 - 113 aree di movimento
2025-01-18 10:20:18,412 - INFO - Frame 490 - 39 aree di movimento
2025-01-18 10:20:19,290 - INFO - Frame 500 - 48 aree di movimento
2025-01-18 10:20:20,162 - INFO - Frame 510 - 35 aree di movimento
2025-01-18 10:20:21,023 - INFO - Frame 520 - 37 aree di movimento
2025-01-18 10:20:21,901 - INFO - Frame 530 - 53 aree di movimento
2025-01-18 10:20:22,770 - INFO - Frame 540 - 91 aree di movimento
2025-01-18 10:20:23,625 - INFO - Frame 550 - 46 aree di movimento
2025-01-18 10:20:24,480 - INFO - Frame 560 - 45 aree di movimento
2025-01-18 10:20:25,331 - INFO - Frame 570 - 36 aree di movimento
2025-01-18 10:20:26,181 - INFO - Frame 580 - 39 aree di movimento
2025-01-18 10:20:27,035 - INFO - Frame 590 - 40 aree di movimento
2025-01-18 10:20:27,891 - INFO - Frame 600 - 111 aree di movimento
2025-01-18 10:20:28,751 - INFO - Frame 610 - 46 aree di movimento
2025-01-18 10:20:29,622 - INFO - Frame 620 - 49 aree di movimento
2025-01-18 10:20:30,484 - INFO - Frame 630 - 47 aree di movimento
2025-01-18 10:20:31,352 - INFO - Frame 640 - 56 aree di movimento
2025-01-18 10:20:32,214 - INFO - Frame 650 - 43 aree di movimento
2025-01-18 10:20:33,064 - INFO - Frame 660 - 115 aree di movimento
2025-01-18 10:20:33,960 - INFO - Frame 670 - 58 aree di movimento
2025-01-18 10:20:34,822 - INFO - Frame 680 - 57 aree di movimento
2025-01-18 10:20:35,683 - INFO - Frame 690 - 51 aree di movimento
2025-01-18 10:20:36,548 - INFO - Frame 700 - 46 aree di movimento
2025-01-18 10:20:37,409 - INFO - Frame 710 - 52 aree di movimento
2025-01-18 10:20:38,275 - INFO - Frame 720 - 97 aree di movimento
2025-01-18 10:20:39,133 - INFO - Frame 730 - 36 aree di movimento
2025-01-18 10:20:39,981 - INFO - Frame 740 - 51 aree di movimento
2025-01-18 10:20:40,836 - INFO - Frame 750 - 44 aree di movimento
2025-01-18 10:20:41,690 - INFO - Frame 760 - 37 aree di movimento
2025-01-18 10:20:42,546 - INFO - Frame 770 - 41 aree di movimento
2025-01-18 10:20:43,399 - INFO - Frame 780 - 91 aree di movimento
2025-01-18 10:20:44,283 - INFO - Frame 790 - 49 aree di movimento
2025-01-18 10:20:45,131 - INFO - Frame 800 - 48 aree di movimento
2025-01-18 10:20:45,987 - INFO - Frame 810 - 48 aree di movimento
2025-01-18 10:20:46,850 - INFO - Frame 820 - 47 aree di movimento
2025-01-18 10:20:47,700 - INFO - Frame 830 - 46 aree di movimento
2025-01-18 10:20:48,575 - INFO - Frame 840 - 93 aree di movimento
2025-01-18 10:20:49,448 - INFO - Frame 850 - 45 aree di movimento
2025-01-18 10:20:50,301 - INFO - Frame 860 - 41 aree di movimento
2025-01-18 10:20:51,147 - INFO - Frame 870 - 60 aree di movimento
2025-01-18 10:20:51,994 - INFO - Frame 880 - 42 aree di movimento
2025-01-18 10:20:52,841 - INFO - Frame 890 - 50 aree di movimento
2025-01-18 10:20:53,688 - INFO - Frame 900 - 101 aree di movimento
2025-01-18 10:20:54,559 - INFO - Frame 910 - 54 aree di movimento
2025-01-18 10:20:55,426 - INFO - Frame 920 - 61 aree di movimento
2025-01-18 10:20:56,294 - INFO - Frame 930 - 58 aree di movimento
2025-01-18 10:20:57,154 - INFO - Frame 940 - 53 aree di movimento
2025-01-18 10:20:58,008 - INFO - Frame 950 - 60 aree di movimento
2025-01-18 10:20:58,868 - INFO - Frame 960 - 96 aree di movimento
2025-01-18 10:20:59,725 - INFO - Frame 970 - 43 aree di movimento
2025-01-18 10:21:00,575 - INFO - Frame 980 - 64 aree di movimento
2025-01-18 10:21:01,450 - INFO - Frame 990 - 50 aree di movimento
2025-01-18 10:21:02,320 - INFO - Frame 1000 - 61 aree di movimento
2025-01-18 10:21:03,176 - INFO - Frame 1010 - 55 aree di movimento
2025-01-18 10:21:04,037 - INFO - Frame 1020 - 114 aree di movimento
2025-01-18 10:21:04,890 - INFO - Frame 1030 - 56 aree di movimento
2025-01-18 10:21:05,743 - INFO - Frame 1040 - 51 aree di movimento
2025-01-18 10:21:06,586 - INFO - Frame 1050 - 55 aree di movimento
2025-01-18 10:21:07,459 - INFO - Frame 1060 - 47 aree di movimento
2025-01-18 10:21:08,328 - INFO - Frame 1070 - 53 aree di movimento
2025-01-18 10:21:09,183 - INFO - Frame 1080 - 95 aree di movimento
2025-01-18 10:21:10,039 - INFO - Frame 1090 - 40 aree di movimento
2025-01-18 10:21:10,895 - INFO - Frame 1100 - 51 aree di movimento
2025-01-18 10:21:11,750 - INFO - Frame 1110 - 52 aree di movimento
2025-01-18 10:21:12,595 - INFO - Frame 1120 - 53 aree di movimento
2025-01-18 10:21:13,447 - INFO - Frame 1130 - 41 aree di movimento
2025-01-18 10:21:14,296 - INFO - Frame 1140 - 98 aree di movimento
2025-01-18 10:21:15,158 - INFO - Frame 1150 - 49 aree di movimento
2025-01-18 10:21:16,012 - INFO - Frame 1160 - 47 aree di movimento
2025-01-18 10:21:16,896 - INFO - Frame 1170 - 48 aree di movimento
2025-01-18 10:21:17,750 - INFO - Frame 1180 - 50 aree di movimento
2025-01-18 10:21:18,615 - INFO - Frame 1190 - 51 aree di movimento
2025-01-18 10:21:19,474 - INFO - Frame 1200 - 87 aree di movimento
2025-01-18 10:21:20,322 - INFO - Frame 1210 - 46 aree di movimento
2025-01-18 10:21:21,178 - INFO - Frame 1220 - 59 aree di movimento
2025-01-18 10:21:22,035 - INFO - Frame 1230 - 41 aree di movimento
2025-01-18 10:21:22,913 - INFO - Frame 1240 - 42 aree di movimento
2025-01-18 10:21:23,809 - INFO - Frame 1250 - 42 aree di movimento
2025-01-18 10:21:24,696 - INFO - Frame 1260 - 121 aree di movimento
2025-01-18 10:21:25,579 - INFO - Frame 1270 - 53 aree di movimento
2025-01-18 10:21:26,453 - INFO - Frame 1280 - 49 aree di movimento
2025-01-18 10:21:27,008 - INFO - Fine del video.
2025-01-18 10:21:27,442 - INFO - Video overlay salvato in: ../Dataset/output/flow_smoothing_output.mp4
2025-01-18 10:21:27,443 - INFO - Video maschera salvato in: ../Dataset/output/movement_mask.mp4
2025-01-18 10:21:32,191 - INFO - Logging configurato. Log salvati in: ../Dataset/output/compression.log
2025-01-18 10:21:32,225 - INFO - FPS: 60.05879882402352 | Dimensioni: 1920x1080
2025-01-18 10:21:33,164 - INFO - Processati 10 frame.
2025-01-18 10:21:34,126 - INFO - Processati 20 frame.
2025-01-18 10:21:35,062 - INFO - Processati 30 frame.
2025-01-18 10:21:35,970 - INFO - Processati 40 frame.
2025-01-18 10:21:36,864 - INFO - Processati 50 frame.
2025-01-18 10:21:37,771 - INFO - Processati 60 frame.
2025-01-18 10:21:38,708 - INFO - Processati 70 frame.
2025-01-18 10:21:39,675 - INFO - Processati 80 frame.
2025-01-18 10:21:40,585 - INFO - Processati 90 frame.
2025-01-18 10:21:41,518 - INFO - Processati 100 frame.
2025-01-18 10:21:42,435 - INFO - Processati 110 frame.
2025-01-18 10:21:43,311 - INFO - Processati 120 frame.
2025-01-18 10:21:44,160 - INFO - Processati 130 frame.
2025-01-18 10:21:45,030 - INFO - Processati 140 frame.
2025-01-18 10:21:45,899 - INFO - Processati 150 frame.
2025-01-18 10:21:46,783 - INFO - Processati 160 frame.
2025-01-18 10:21:47,690 - INFO - Processati 170 frame.
2025-01-18 10:21:48,612 - INFO - Processati 180 frame.
2025-01-18 10:21:49,506 - INFO - Processati 190 frame.
2025-01-18 10:21:50,390 - INFO - Processati 200 frame.
2025-01-18 10:21:51,266 - INFO - Processati 210 frame.
2025-01-18 10:21:52,157 - INFO - Processati 220 frame.
2025-01-18 10:21:53,108 - INFO - Processati 230 frame.
2025-01-18 10:21:54,020 - INFO - Processati 240 frame.
2025-01-18 10:21:54,920 - INFO - Processati 250 frame.
2025-01-18 10:21:55,828 - INFO - Processati 260 frame.
2025-01-18 10:21:56,748 - INFO - Processati 270 frame.
2025-01-18 10:21:57,649 - INFO - Processati 280 frame.
2025-01-18 10:21:58,533 - INFO - Processati 290 frame.
2025-01-18 10:21:59,471 - INFO - Processati 300 frame.
2025-01-18 10:22:00,378 - INFO - Processati 310 frame.
2025-01-18 10:22:01,289 - INFO - Processati 320 frame.
2025-01-18 10:22:02,168 - INFO - Processati 330 frame.
2025-01-18 10:22:03,040 - INFO - Processati 340 frame.
2025-01-18 10:22:03,946 - INFO - Processati 350 frame.
2025-01-18 10:22:04,805 - INFO - Processati 360 frame.
2025-01-18 10:22:05,647 - INFO - Processati 370 frame.
2025-01-18 10:22:06,518 - INFO - Processati 380 frame.
2025-01-18 10:22:07,365 - INFO - Processati 390 frame.
2025-01-18 10:22:08,205 - INFO - Processati 400 frame.
2025-01-18 10:22:09,077 - INFO - Processati 410 frame.
2025-01-18 10:22:09,896 - INFO - Processati 420 frame.
2025-01-18 10:22:10,739 - INFO - Processati 430 frame.
2025-01-18 10:22:11,589 - INFO - Processati 440 frame.
2025-01-18 10:22:12,464 - INFO - Processati 450 frame.
2025-01-18 10:22:13,373 - INFO - Processati 460 frame.
2025-01-18 10:22:14,318 - INFO - Processati 470 frame.
2025-01-18 10:22:15,228 - INFO - Processati 480 frame.
2025-01-18 10:22:16,138 - INFO - Processati 490 frame.
2025-01-18 10:22:17,078 - INFO - Processati 500 frame.
2025-01-18 10:22:18,007 - INFO - Processati 510 frame.
2025-01-18 10:22:18,938 - INFO - Processati 520 frame.
2025-01-18 10:22:19,871 - INFO - Processati 530 frame.
2025-01-18 10:22:20,761 - INFO - Processati 540 frame.
2025-01-18 10:22:21,645 - INFO - Processati 550 frame.
2025-01-18 10:22:22,558 - INFO - Processati 560 frame.
2025-01-18 10:22:23,453 - INFO - Processati 570 frame.
2025-01-18 10:22:24,345 - INFO - Processati 580 frame.
2025-01-18 10:22:25,243 - INFO - Processati 590 frame.
2025-01-18 10:22:26,116 - INFO - Processati 600 frame.
2025-01-18 10:22:26,997 - INFO - Processati 610 frame.
2025-01-18 10:22:27,932 - INFO - Processati 620 frame.
2025-01-18 10:22:28,878 - INFO - Processati 630 frame.
2025-01-18 10:22:29,840 - INFO - Processati 640 frame.
2025-01-18 10:22:30,791 - INFO - Processati 650 frame.
2025-01-18 10:22:31,687 - INFO - Processati 660 frame.
2025-01-18 10:22:32,627 - INFO - Processati 670 frame.
2025-01-18 10:22:33,611 - INFO - Processati 680 frame.
2025-01-18 10:22:34,563 - INFO - Processati 690 frame.
2025-01-18 10:22:35,540 - INFO - Processati 700 frame.
2025-01-18 10:22:36,555 - INFO - Processati 710 frame.
2025-01-18 10:22:37,543 - INFO - Processati 720 frame.
2025-01-18 10:22:38,512 - INFO - Processati 730 frame.
2025-01-18 10:22:39,513 - INFO - Processati 740 frame.
2025-01-18 10:22:40,516 - INFO - Processati 750 frame.
2025-01-18 10:22:41,526 - INFO - Processati 760 frame.
2025-01-18 10:22:42,579 - INFO - Processati 770 frame.
2025-01-18 10:22:43,611 - INFO - Processati 780 frame.
2025-01-18 10:22:44,635 - INFO - Processati 790 frame.
2025-01-18 10:22:45,668 - INFO - Processati 800 frame.
2025-01-18 10:22:46,705 - INFO - Processati 810 frame.
2025-01-18 10:22:47,738 - INFO - Processati 820 frame.
2025-01-18 10:22:48,761 - INFO - Processati 830 frame.
2025-01-18 10:22:49,778 - INFO - Processati 840 frame.
2025-01-18 10:22:50,783 - INFO - Processati 850 frame.
2025-01-18 10:22:51,830 - INFO - Processati 860 frame.
2025-01-18 10:22:52,883 - INFO - Processati 870 frame.
2025-01-18 10:22:53,929 - INFO - Processati 880 frame.
2025-01-18 10:22:54,961 - INFO - Processati 890 frame.
2025-01-18 10:22:55,971 - INFO - Processati 900 frame.
2025-01-18 10:22:57,018 - INFO - Processati 910 frame.
2025-01-18 10:22:58,065 - INFO - Processati 920 frame.
2025-01-18 10:22:59,115 - INFO - Processati 930 frame.
2025-01-18 10:23:00,174 - INFO - Processati 940 frame.
2025-01-18 10:23:01,234 - INFO - Processati 950 frame.
2025-01-18 10:23:02,274 - INFO - Processati 960 frame.
2025-01-18 10:23:03,320 - INFO - Processati 970 frame.
2025-01-18 10:23:04,373 - INFO - Processati 980 frame.
2025-01-18 10:23:05,429 - INFO - Processati 990 frame.
2025-01-18 10:23:06,494 - INFO - Processati 1000 frame.
2025-01-18 10:23:07,556 - INFO - Processati 1010 frame.
2025-01-18 10:23:08,595 - INFO - Processati 1020 frame.
2025-01-18 10:23:09,637 - INFO - Processati 1030 frame.
2025-01-18 10:23:10,701 - INFO - Processati 1040 frame.
2025-01-18 10:23:11,760 - INFO - Processati 1050 frame.
2025-01-18 10:23:12,829 - INFO - Processati 1060 frame.
2025-01-18 10:23:13,899 - INFO - Processati 1070 frame.
2025-01-18 10:23:14,951 - INFO - Processati 1080 frame.
2025-01-18 10:23:16,005 - INFO - Processati 1090 frame.
2025-01-18 10:23:17,080 - INFO - Processati 1100 frame.
2025-01-18 10:23:18,156 - INFO - Processati 1110 frame.
2025-01-18 10:23:19,211 - INFO - Processati 1120 frame.
2025-01-18 10:23:20,238 - INFO - Processati 1130 frame.
2025-01-18 10:23:21,254 - INFO - Processati 1140 frame.
2025-01-18 10:23:22,272 - INFO - Processati 1150 frame.
2025-01-18 10:23:23,292 - INFO - Processati 1160 frame.
2025-01-18 10:23:24,316 - INFO - Processati 1170 frame.
2025-01-18 10:23:25,348 - INFO - Processati 1180 frame.
2025-01-18 10:23:26,368 - INFO - Processati 1190 frame.
2025-01-18 10:23:27,380 - INFO - Processati 1200 frame.
2025-01-18 10:23:28,374 - INFO - Processati 1210 frame.
2025-01-18 10:23:29,376 - INFO - Processati 1220 frame.
2025-01-18 10:23:30,359 - INFO - Processati 1230 frame.
2025-01-18 10:23:31,331 - INFO - Processati 1240 frame.
2025-01-18 10:23:32,275 - INFO - Processati 1250 frame.
2025-01-18 10:23:33,201 - INFO - Processati 1260 frame.
2025-01-18 10:23:34,128 - INFO - Processati 1270 frame.
2025-01-18 10:23:35,009 - INFO - Processati 1280 frame.
2025-01-18 10:23:35,862 - INFO - Elaborazione completata. Video compresso salvato in: ../Dataset/output/COMPRESSION_test2.mp4
